<?xml version="1.0" encoding="UTF-8"?>
<!-- Generated by org.testng.reporters.JUnitXMLReporter -->
<testsuite ignored="0" hostname="LTIN588531" failures="0" tests="31" name="Default test" time="0.679" errors="0" timestamp="2025-07-07T22:51:50 IST">
  <testcase classname="bmi_tests.BMI_test" name="@BeforeClass setUp" time="-1.751908909727E9">
    <failure type="org.testng.TestNGException" message="
Parameter &amp;apos;browser&amp;apos; is required by BeforeClass on method setUp but has not been marked @Optional or defined
in C:\Users\2403837\AppData\Local\Temp\testng-eclipse-2132481646\testng-customsuite.xml">
      <![CDATA[org.testng.TestNGException: 
Parameter 'browser' is required by BeforeClass on method setUp but has not been marked @Optional or defined
in C:\Users\2403837\AppData\Local\Temp\testng-eclipse-2132481646\testng-customsuite.xml
at org.testng.internal.Parameters.createParams(Parameters.java:264)
at org.testng.internal.Parameters.createParametersForMethod(Parameters.java:352)
at org.testng.internal.Parameters.createParameters(Parameters.java:690)
at org.testng.internal.Parameters.createConfigurationParameters(Parameters.java:163)
at org.testng.internal.invokers.ConfigInvoker.invokeConfigurations(ConfigInvoker.java:313)
at org.testng.internal.invokers.TestMethodWorker.invokeBeforeClassMethods(TestMethodWorker.java:188)
at org.testng.internal.invokers.TestMethodWorker.run(TestMethodWorker.java:128)
at java.base/java.util.ArrayList.forEach(ArrayList.java:1596)
at org.testng.TestRunner.privateRun(TestRunner.java:741)
at org.testng.TestRunner.run(TestRunner.java:616)
at org.testng.SuiteRunner.runTest(SuiteRunner.java:421)
at org.testng.SuiteRunner.runSequentially(SuiteRunner.java:413)
at org.testng.SuiteRunner.privateRun(SuiteRunner.java:373)
at org.testng.SuiteRunner.run(SuiteRunner.java:312)
at org.testng.SuiteRunnerWorker.runSuite(SuiteRunnerWorker.java:52)
at org.testng.SuiteRunnerWorker.run(SuiteRunnerWorker.java:95)
at org.testng.TestNG.runSuitesSequentially(TestNG.java:1274)
at org.testng.TestNG.runSuitesLocally(TestNG.java:1208)
at org.testng.TestNG.runSuites(TestNG.java:1112)
at org.testng.TestNG.run(TestNG.java:1079)
at org.testng.remote.AbstractRemoteTestNG.run(AbstractRemoteTestNG.java:115)
at org.testng.remote.RemoteTestNG.initAndRun(RemoteTestNG.java:293)
at org.testng.remote.RemoteTestNG.main(RemoteTestNG.java:91)
]]>
    </failure>
  </testcase> <!-- @BeforeClass setUp -->
  <testcase classname="bmi_tests.BMI_test" name="@AfterClass tearDown" time="0.0">
    <skipped/>
  </testcase> <!-- @AfterClass tearDown -->
  <testcase classname="bmi_tests.BMI_test" name="testHomeLink" time="0.0">
    <skipped/>
  </testcase> <!-- testHomeLink -->
  <testcase classname="bmi_tests.BMI_test" name="testKnowYourResultsLink" time="0.0">
    <skipped/>
  </testcase> <!-- testKnowYourResultsLink -->
  <testcase classname="bmi_tests.BMI_test" name="testHealthTipsLink" time="0.0">
    <skipped/>
  </testcase> <!-- testHealthTipsLink -->
  <testcase classname="bmi_tests.BMI_test" name="testFindDoctorLink" time="0.0">
    <skipped/>
  </testcase> <!-- testFindDoctorLink -->
  <testcase classname="bmi_tests.BMI_test" name="testQueriesLink" time="0.001">
    <skipped/>
  </testcase> <!-- testQueriesLink -->
  <testcase classname="bmi_tests.BMI_test" name="testKidsAndAdultsButtons" time="0.0">
    <skipped/>
  </testcase> <!-- testKidsAndAdultsButtons -->
  <testcase classname="bmi_tests.BMI_test" name="testBmiCalculationValidInputs" time="0.0">
    <skipped/>
  </testcase> <!-- testBmiCalculationValidInputs -->
  <testcase classname="bmi_tests.BMI_test" name="testBmiCalculationValidInputs" time="0.0">
    <skipped/>
  </testcase> <!-- testBmiCalculationValidInputs -->
  <testcase classname="bmi_tests.BMI_test" name="testBmiCalculationValidInputs" time="0.0">
    <skipped/>
  </testcase> <!-- testBmiCalculationValidInputs -->
  <testcase classname="bmi_tests.BMI_test" name="testBmiCalculationValidInputs" time="0.0">
    <skipped/>
  </testcase> <!-- testBmiCalculationValidInputs -->
  <testcase classname="bmi_tests.BMI_test" name="testBmiCalculationValidInputs" time="0.0">
    <skipped/>
  </testcase> <!-- testBmiCalculationValidInputs -->
  <testcase classname="bmi_tests.BMI_test" name="testBmiCalculationValidInputs" time="0.0">
    <skipped/>
  </testcase> <!-- testBmiCalculationValidInputs -->
  <testcase classname="bmi_tests.BMI_test" name="testBmiCalculationValidInputs" time="0.0">
    <skipped/>
  </testcase> <!-- testBmiCalculationValidInputs -->
  <testcase classname="bmi_tests.BMI_test" name="testBmiCalculationValidInputs" time="0.0">
    <skipped/>
  </testcase> <!-- testBmiCalculationValidInputs -->
  <testcase classname="bmi_tests.BMI_test" name="testBmiCalculationValidInputs" time="0.0">
    <skipped/>
  </testcase> <!-- testBmiCalculationValidInputs -->
  <testcase classname="bmi_tests.BMI_test" name="testBmiCalculationValidInputs" time="0.0">
    <skipped/>
  </testcase> <!-- testBmiCalculationValidInputs -->
  <testcase classname="bmi_tests.BMI_test" name="testBmiCalculationValidInputs" time="0.0">
    <skipped/>
  </testcase> <!-- testBmiCalculationValidInputs -->
  <testcase classname="bmi_tests.BMI_test" name="testBmiCalculationValidInputs" time="0.0">
    <skipped/>
  </testcase> <!-- testBmiCalculationValidInputs -->
  <testcase classname="bmi_tests.BMI_test" name="testBmiCalculationValidInputs" time="0.0">
    <skipped/>
  </testcase> <!-- testBmiCalculationValidInputs -->
  <testcase classname="bmi_tests.BMI_test" name="testBmiCalculationValidInputs" time="0.0">
    <skipped/>
  </testcase> <!-- testBmiCalculationValidInputs -->
  <testcase classname="bmi_tests.BMI_test" name="testBmiCalculationValidInputs" time="0.0">
    <skipped/>
  </testcase> <!-- testBmiCalculationValidInputs -->
  <testcase classname="bmi_tests.BMI_test" name="testBmiCalculationValidInputs" time="0.0">
    <skipped/>
  </testcase> <!-- testBmiCalculationValidInputs -->
  <testcase classname="bmi_tests.BMI_test" name="testBmiCalculationValidInputs" time="0.001">
    <skipped/>
  </testcase> <!-- testBmiCalculationValidInputs -->
  <testcase classname="bmi_tests.BMI_test" name="testHealthTipsLinks" time="0.0">
    <skipped/>
  </testcase> <!-- testHealthTipsLinks -->
  <testcase classname="bmi_tests.BMI_test" name="clickFindDoctorLink" time="0.0">
    <skipped/>
  </testcase> <!-- clickFindDoctorLink -->
  <testcase classname="bmi_tests.BMI_test" name="testDoctorLinks" time="0.0">
    <skipped/>
  </testcase> <!-- testDoctorLinks -->
  <testcase classname="bmi_tests.BMI_test" name="testQueriesForm" time="0.0">
    <skipped/>
  </testcase> <!-- testQueriesForm -->
  <testcase classname="bmi_tests.BMI_test" name="testQueriesForm" time="0.0">
    <skipped/>
  </testcase> <!-- testQueriesForm -->
  <testcase classname="bmi_tests.BMI_test" name="testQueriesForm" time="0.0">
    <skipped/>
  </testcase> <!-- testQueriesForm -->
  <testcase classname="bmi_tests.BMI_test" name="testQueriesForm" time="0.0">
    <skipped/>
  </testcase> <!-- testQueriesForm -->
  <testcase classname="bmi_tests.BMI_test" name="testQueriesForm" time="0.0">
    <skipped/>
  </testcase> <!-- testQueriesForm -->
</testsuite> <!-- Default test -->
