<?xml version="1.0" encoding="UTF-8"?>
<!-- Generated by org.testng.reporters.JUnitReportReporter -->
<testsuite hostname="LTIN588531" failures="2" tests="16" name="bmi_tests.BMICalculatorTest" time="9.706" errors="0" timestamp="2025-06-27T23:01:46 IST" skipped="0">
  <testcase classname="bmi_tests.BMICalculatorTest" name="testBmiCalculation" time="0.665"/>
  <testcase classname="bmi_tests.BMICalculatorTest" name="testBmiCalculation" time="0.626"/>
  <testcase classname="bmi_tests.BMICalculatorTest" name="testBmiCalculation" time="0.555"/>
  <testcase classname="bmi_tests.BMICalculatorTest" name="testBmiCalculation" time="0.504">
    <failure message="BMI result mismatch. expected [Please enter valid numbers for height and weight] but found [Your BMI is: 0.0
Underweight]" type="java.lang.AssertionError">
      <![CDATA[java.lang.AssertionError: BMI result mismatch. expected [Please enter valid numbers for height and weight] but found [Your BMI is: 0.0
Underweight]
at org.testng.Assert.fail(Assert.java:111)
at org.testng.Assert.failNotEquals(Assert.java:1590)
at org.testng.Assert.assertEqualsImpl(Assert.java:150)
at org.testng.Assert.assertEquals(Assert.java:132)
at org.testng.Assert.assertEquals(Assert.java:656)
at bmi_tests.BMICalculatorTest.testBmiCalculation(BMICalculatorTest.java:35)
at java.base/jdk.internal.reflect.DirectMethodHandleAccessor.invoke(DirectMethodHandleAccessor.java:103)
at java.base/java.lang.reflect.Method.invoke(Method.java:580)
at org.testng.internal.invokers.MethodInvocationHelper.invokeMethod(MethodInvocationHelper.java:141)
at org.testng.internal.invokers.TestInvoker.invokeMethod(TestInvoker.java:687)
at org.testng.internal.invokers.TestInvoker.invokeTestMethod(TestInvoker.java:230)
at org.testng.internal.invokers.MethodRunner.runInSequence(MethodRunner.java:63)
at org.testng.internal.invokers.TestInvoker$MethodInvocationAgent.invoke(TestInvoker.java:995)
at org.testng.internal.invokers.TestInvoker.invokeTestMethods(TestInvoker.java:203)
at org.testng.internal.invokers.TestMethodWorker.invokeTestMethods(TestMethodWorker.java:154)
at org.testng.internal.invokers.TestMethodWorker.run(TestMethodWorker.java:134)
at java.base/java.util.ArrayList.forEach(ArrayList.java:1596)
at org.testng.TestRunner.privateRun(TestRunner.java:741)
at org.testng.TestRunner.run(TestRunner.java:616)
at org.testng.SuiteRunner.runTest(SuiteRunner.java:421)
at org.testng.SuiteRunner.runSequentially(SuiteRunner.java:413)
at org.testng.SuiteRunner.privateRun(SuiteRunner.java:373)
at org.testng.SuiteRunner.run(SuiteRunner.java:312)
at org.testng.SuiteRunnerWorker.runSuite(SuiteRunnerWorker.java:52)
at org.testng.SuiteRunnerWorker.run(SuiteRunnerWorker.java:95)
at org.testng.TestNG.runSuitesSequentially(TestNG.java:1274)
at org.testng.TestNG.runSuitesLocally(TestNG.java:1208)
at org.testng.TestNG.runSuites(TestNG.java:1112)
at org.testng.TestNG.run(TestNG.java:1079)
at org.testng.remote.AbstractRemoteTestNG.run(AbstractRemoteTestNG.java:115)
at org.testng.remote.RemoteTestNG.initAndRun(RemoteTestNG.java:293)
at org.testng.remote.RemoteTestNG.main(RemoteTestNG.java:91)
]]>
    </failure>
  </testcase> <!-- testBmiCalculation -->
  <testcase classname="bmi_tests.BMICalculatorTest" name="testBmiCalculation" time="0.631"/>
  <testcase classname="bmi_tests.BMICalculatorTest" name="testBmiCalculation" time="0.576"/>
  <testcase classname="bmi_tests.BMICalculatorTest" name="testBmiCalculation" time="0.634"/>
  <testcase classname="bmi_tests.BMICalculatorTest" name="testBmiCalculation" time="0.534"/>
  <testcase classname="bmi_tests.BMICalculatorTest" name="testBmiCalculation" time="0.497">
    <failure message="BMI result mismatch. expected [Please enter valid numbers for height and weight] but found [Your BMI is: Infinity
Obese]" type="java.lang.AssertionError">
      <![CDATA[java.lang.AssertionError: BMI result mismatch. expected [Please enter valid numbers for height and weight] but found [Your BMI is: Infinity
Obese]
at org.testng.Assert.fail(Assert.java:111)
at org.testng.Assert.failNotEquals(Assert.java:1590)
at org.testng.Assert.assertEqualsImpl(Assert.java:150)
at org.testng.Assert.assertEquals(Assert.java:132)
at org.testng.Assert.assertEquals(Assert.java:656)
at bmi_tests.BMICalculatorTest.testBmiCalculation(BMICalculatorTest.java:35)
at java.base/jdk.internal.reflect.DirectMethodHandleAccessor.invoke(DirectMethodHandleAccessor.java:103)
at java.base/java.lang.reflect.Method.invoke(Method.java:580)
at org.testng.internal.invokers.MethodInvocationHelper.invokeMethod(MethodInvocationHelper.java:141)
at org.testng.internal.invokers.TestInvoker.invokeMethod(TestInvoker.java:687)
at org.testng.internal.invokers.TestInvoker.invokeTestMethod(TestInvoker.java:230)
at org.testng.internal.invokers.MethodRunner.runInSequence(MethodRunner.java:63)
at org.testng.internal.invokers.TestInvoker$MethodInvocationAgent.invoke(TestInvoker.java:995)
at org.testng.internal.invokers.TestInvoker.invokeTestMethods(TestInvoker.java:203)
at org.testng.internal.invokers.TestMethodWorker.invokeTestMethods(TestMethodWorker.java:154)
at org.testng.internal.invokers.TestMethodWorker.run(TestMethodWorker.java:134)
at java.base/java.util.ArrayList.forEach(ArrayList.java:1596)
at org.testng.TestRunner.privateRun(TestRunner.java:741)
at org.testng.TestRunner.run(TestRunner.java:616)
at org.testng.SuiteRunner.runTest(SuiteRunner.java:421)
at org.testng.SuiteRunner.runSequentially(SuiteRunner.java:413)
at org.testng.SuiteRunner.privateRun(SuiteRunner.java:373)
at org.testng.SuiteRunner.run(SuiteRunner.java:312)
at org.testng.SuiteRunnerWorker.runSuite(SuiteRunnerWorker.java:52)
at org.testng.SuiteRunnerWorker.run(SuiteRunnerWorker.java:95)
at org.testng.TestNG.runSuitesSequentially(TestNG.java:1274)
at org.testng.TestNG.runSuitesLocally(TestNG.java:1208)
at org.testng.TestNG.runSuites(TestNG.java:1112)
at org.testng.TestNG.run(TestNG.java:1079)
at org.testng.remote.AbstractRemoteTestNG.run(AbstractRemoteTestNG.java:115)
at org.testng.remote.RemoteTestNG.initAndRun(RemoteTestNG.java:293)
at org.testng.remote.RemoteTestNG.main(RemoteTestNG.java:91)
]]>
    </failure>
  </testcase> <!-- testBmiCalculation -->
  <testcase classname="bmi_tests.BMICalculatorTest" name="testBmiCalculation" time="0.682"/>
  <testcase classname="bmi_tests.BMICalculatorTest" name="testBmiCalculation" time="0.589"/>
  <testcase classname="bmi_tests.BMICalculatorTest" name="testBmiCalculation" time="0.672"/>
  <testcase classname="bmi_tests.BMICalculatorTest" name="testBmiCalculation" time="0.772"/>
  <testcase classname="bmi_tests.BMICalculatorTest" name="testBmiCalculation" time="0.550"/>
  <testcase classname="bmi_tests.BMICalculatorTest" name="testBmiCalculation" time="0.612"/>
  <testcase classname="bmi_tests.BMICalculatorTest" name="testBmiCalculation" time="0.607"/>
</testsuite> <!-- bmi_tests.BMICalculatorTest -->
