<html>
<head>
<title>TestNG:  bmi-edge</title>
<link href="../testng.css" rel="stylesheet" type="text/css" />
<link href="../my-testng.css" rel="stylesheet" type="text/css" />

<style type="text/css">
.log { display: none;} 
.stack-trace { display: none;} 
</style>
<script type="text/javascript">
<!--
function flip(e) {
  current = e.style.display;
  if (current == 'block') {
    e.style.display = 'none';
    return 0;
  }
  else {
    e.style.display = 'block';
    return 1;
  }
}

function toggleBox(szDivId, elem, msg1, msg2)
{
  var res = -1;  if (document.getElementById) {
    res = flip(document.getElementById(szDivId));
  }
  else if (document.all) {
    // this is the way old msie versions work
    res = flip(document.all[szDivId]);
  }
  if(elem) {
    if(res == 0) elem.innerHTML = msg1; else elem.innerHTML = msg2;
  }

}

function toggleAllBoxes() {
  if (document.getElementsByTagName) {
    d = document.getElementsByTagName('div');
    for (i = 0; i < d.length; i++) {
      if (d[i].className == 'log') {
        flip(d[i]);
      }
    }
  }
}

// -->
</script>

</head>
<body>
<h2 align='center'>bmi-edge</h2><table border='1' align="center">
<tr>
<td>Tests passed/Failed/Skipped:</td><td>27/4/0</td>
</tr><tr>
<td>Started on:</td><td>Mon Jul 07 22:54:03 IST 2025</td>
</tr>
<tr><td>Total time:</td><td>78 seconds (78389 ms)</td>
</tr><tr>
<td>Included groups:</td><td></td>
</tr><tr>
<td>Excluded groups:</td><td></td>
</tr>
</table><p/>
<small><i>(Hover the method name to see the test class name)</i></small><p/>
<table width='100%' border='1' class='invocation-failed'>
<tr><td colspan='4' align='center'><b>FAILED TESTS</b></td></tr>
<tr><td><b>Test method</b></td>
<td><b>Attribute(s)</b></td>
<td width="30%"><b>Exception</b></td>
<td width="10%"><b>Time (seconds)</b></td>
<td><b>Instance</b></td>
</tr>
<tr>
<td title='bmi_tests.BMI_test.testQueriesForm()'><b>testQueriesForm</b><br>Test class: bmi_tests.BMI_test<br>Test method: Test the Queries form with different inputs<br>Parameters: test1@example.com, , false</td>
<td><div><pre>java.lang.AssertionError: expected [true] but found [false]
	at bmi_tests.BMI_test.testQueriesForm(BMI_test.java:270)
	at java.base/java.util.ArrayList.forEach(ArrayList.java:1596)
... Removed 31 stack frames</pre></div><a href='#' onClick='toggleBox("stack-trace486069307", this, "Click to show all stack frames", "Click to hide stack frames")'>Click to show all stack frames</a>
<div class='stack-trace' id='stack-trace486069307'><pre>java.lang.AssertionError: expected [true] but found [false]
	at org.testng.Assert.fail(Assert.java:111)
	at org.testng.Assert.failNotEquals(Assert.java:1590)
	at org.testng.Assert.assertEqualsImpl(Assert.java:150)
	at org.testng.Assert.assertEquals(Assert.java:132)
	at org.testng.Assert.assertEquals(Assert.java:656)
	at org.testng.Assert.assertEquals(Assert.java:666)
	at bmi_tests.BMI_test.testQueriesForm(BMI_test.java:270)
	at java.base/jdk.internal.reflect.DirectMethodHandleAccessor.invoke(DirectMethodHandleAccessor.java:103)
	at java.base/java.lang.reflect.Method.invoke(Method.java:580)
	at org.testng.internal.invokers.MethodInvocationHelper.invokeMethod(MethodInvocationHelper.java:141)
	at org.testng.internal.invokers.TestInvoker.invokeMethod(TestInvoker.java:687)
	at org.testng.internal.invokers.TestInvoker.invokeTestMethod(TestInvoker.java:230)
	at org.testng.internal.invokers.MethodRunner.runInSequence(MethodRunner.java:63)
	at org.testng.internal.invokers.TestInvoker$MethodInvocationAgent.invoke(TestInvoker.java:995)
	at org.testng.internal.invokers.TestInvoker.invokeTestMethods(TestInvoker.java:203)
	at org.testng.internal.invokers.TestMethodWorker.invokeTestMethods(TestMethodWorker.java:154)
	at org.testng.internal.invokers.TestMethodWorker.run(TestMethodWorker.java:134)
	at java.base/java.util.ArrayList.forEach(ArrayList.java:1596)
	at org.testng.TestRunner.privateRun(TestRunner.java:741)
	at org.testng.TestRunner.run(TestRunner.java:616)
	at org.testng.SuiteRunner.runTest(SuiteRunner.java:421)
	at org.testng.SuiteRunner.runSequentially(SuiteRunner.java:413)
	at org.testng.SuiteRunner.privateRun(SuiteRunner.java:373)
	at org.testng.SuiteRunner.run(SuiteRunner.java:312)
	at org.testng.SuiteRunnerWorker.runSuite(SuiteRunnerWorker.java:52)
	at org.testng.SuiteRunnerWorker.run(SuiteRunnerWorker.java:95)
	at org.testng.TestNG.runSuitesSequentially(TestNG.java:1274)
	at org.testng.TestNG.runSuitesLocally(TestNG.java:1208)
	at org.testng.TestNG.runSuites(TestNG.java:1112)
	at org.testng.TestNG.run(TestNG.java:1079)
	at org.testng.remote.AbstractRemoteTestNG.run(AbstractRemoteTestNG.java:115)
	at org.testng.remote.RemoteTestNG.initAndRun(RemoteTestNG.java:293)
	at org.testng.remote.RemoteTestNG.main(RemoteTestNG.java:91)
</pre></div></td>
<td>1</td>
<td>bmi_tests.BMI_test@44d52de2</td></tr>
<tr>
<td title='bmi_tests.BMI_test.testBmiCalculationValidInputs()'><b>testBmiCalculationValidInputs</b><br>Test class: bmi_tests.BMI_test<br>Test method: Test BMI calculation with valid inputs across different units<br>Parameters: 0, 65, cm, kg, Please enter valid numbers for height and weight</td>
<td><div><pre>java.lang.AssertionError: BMI result mismatch. expected [Please enter valid numbers for height and weight] but found [Your BMI is: Infinity
Obese]
	at bmi_tests.BMI_test.testBmiCalculationValidInputs(BMI_test.java:140)
	at java.base/java.util.ArrayList.forEach(ArrayList.java:1596)
... Removed 30 stack frames</pre></div><a href='#' onClick='toggleBox("stack-trace575061969", this, "Click to show all stack frames", "Click to hide stack frames")'>Click to show all stack frames</a>
<div class='stack-trace' id='stack-trace575061969'><pre>java.lang.AssertionError: BMI result mismatch. expected [Please enter valid numbers for height and weight] but found [Your BMI is: Infinity
Obese]
	at org.testng.Assert.fail(Assert.java:111)
	at org.testng.Assert.failNotEquals(Assert.java:1590)
	at org.testng.Assert.assertEqualsImpl(Assert.java:150)
	at org.testng.Assert.assertEquals(Assert.java:132)
	at org.testng.Assert.assertEquals(Assert.java:656)
	at bmi_tests.BMI_test.testBmiCalculationValidInputs(BMI_test.java:140)
	at java.base/jdk.internal.reflect.DirectMethodHandleAccessor.invoke(DirectMethodHandleAccessor.java:103)
	at java.base/java.lang.reflect.Method.invoke(Method.java:580)
	at org.testng.internal.invokers.MethodInvocationHelper.invokeMethod(MethodInvocationHelper.java:141)
	at org.testng.internal.invokers.TestInvoker.invokeMethod(TestInvoker.java:687)
	at org.testng.internal.invokers.TestInvoker.invokeTestMethod(TestInvoker.java:230)
	at org.testng.internal.invokers.MethodRunner.runInSequence(MethodRunner.java:63)
	at org.testng.internal.invokers.TestInvoker$MethodInvocationAgent.invoke(TestInvoker.java:995)
	at org.testng.internal.invokers.TestInvoker.invokeTestMethods(TestInvoker.java:203)
	at org.testng.internal.invokers.TestMethodWorker.invokeTestMethods(TestMethodWorker.java:154)
	at org.testng.internal.invokers.TestMethodWorker.run(TestMethodWorker.java:134)
	at java.base/java.util.ArrayList.forEach(ArrayList.java:1596)
	at org.testng.TestRunner.privateRun(TestRunner.java:741)
	at org.testng.TestRunner.run(TestRunner.java:616)
	at org.testng.SuiteRunner.runTest(SuiteRunner.java:421)
	at org.testng.SuiteRunner.runSequentially(SuiteRunner.java:413)
	at org.testng.SuiteRunner.privateRun(SuiteRunner.java:373)
	at org.testng.SuiteRunner.run(SuiteRunner.java:312)
	at org.testng.SuiteRunnerWorker.runSuite(SuiteRunnerWorker.java:52)
	at org.testng.SuiteRunnerWorker.run(SuiteRunnerWorker.java:95)
	at org.testng.TestNG.runSuitesSequentially(TestNG.java:1274)
	at org.testng.TestNG.runSuitesLocally(TestNG.java:1208)
	at org.testng.TestNG.runSuites(TestNG.java:1112)
	at org.testng.TestNG.run(TestNG.java:1079)
	at org.testng.remote.AbstractRemoteTestNG.run(AbstractRemoteTestNG.java:115)
	at org.testng.remote.RemoteTestNG.initAndRun(RemoteTestNG.java:293)
	at org.testng.remote.RemoteTestNG.main(RemoteTestNG.java:91)
</pre></div></td>
<td>1</td>
<td>bmi_tests.BMI_test@44d52de2</td></tr>
<tr>
<td title='bmi_tests.BMI_test.testQueriesForm()'><b>testQueriesForm</b><br>Test class: bmi_tests.BMI_test<br>Test method: Test the Queries form with different inputs<br>Parameters: 1@1, Byee, false</td>
<td><div><pre>java.lang.AssertionError: expected [true] but found [false]
	at bmi_tests.BMI_test.testQueriesForm(BMI_test.java:270)
	at java.base/java.util.ArrayList.forEach(ArrayList.java:1596)
... Removed 31 stack frames</pre></div><a href='#' onClick='toggleBox("stack-trace328759362", this, "Click to show all stack frames", "Click to hide stack frames")'>Click to show all stack frames</a>
<div class='stack-trace' id='stack-trace328759362'><pre>java.lang.AssertionError: expected [true] but found [false]
	at org.testng.Assert.fail(Assert.java:111)
	at org.testng.Assert.failNotEquals(Assert.java:1590)
	at org.testng.Assert.assertEqualsImpl(Assert.java:150)
	at org.testng.Assert.assertEquals(Assert.java:132)
	at org.testng.Assert.assertEquals(Assert.java:656)
	at org.testng.Assert.assertEquals(Assert.java:666)
	at bmi_tests.BMI_test.testQueriesForm(BMI_test.java:270)
	at java.base/jdk.internal.reflect.DirectMethodHandleAccessor.invoke(DirectMethodHandleAccessor.java:103)
	at java.base/java.lang.reflect.Method.invoke(Method.java:580)
	at org.testng.internal.invokers.MethodInvocationHelper.invokeMethod(MethodInvocationHelper.java:141)
	at org.testng.internal.invokers.TestInvoker.invokeMethod(TestInvoker.java:687)
	at org.testng.internal.invokers.TestInvoker.invokeTestMethod(TestInvoker.java:230)
	at org.testng.internal.invokers.MethodRunner.runInSequence(MethodRunner.java:63)
	at org.testng.internal.invokers.TestInvoker$MethodInvocationAgent.invoke(TestInvoker.java:995)
	at org.testng.internal.invokers.TestInvoker.invokeTestMethods(TestInvoker.java:203)
	at org.testng.internal.invokers.TestMethodWorker.invokeTestMethods(TestMethodWorker.java:154)
	at org.testng.internal.invokers.TestMethodWorker.run(TestMethodWorker.java:134)
	at java.base/java.util.ArrayList.forEach(ArrayList.java:1596)
	at org.testng.TestRunner.privateRun(TestRunner.java:741)
	at org.testng.TestRunner.run(TestRunner.java:616)
	at org.testng.SuiteRunner.runTest(SuiteRunner.java:421)
	at org.testng.SuiteRunner.runSequentially(SuiteRunner.java:413)
	at org.testng.SuiteRunner.privateRun(SuiteRunner.java:373)
	at org.testng.SuiteRunner.run(SuiteRunner.java:312)
	at org.testng.SuiteRunnerWorker.runSuite(SuiteRunnerWorker.java:52)
	at org.testng.SuiteRunnerWorker.run(SuiteRunnerWorker.java:95)
	at org.testng.TestNG.runSuitesSequentially(TestNG.java:1274)
	at org.testng.TestNG.runSuitesLocally(TestNG.java:1208)
	at org.testng.TestNG.runSuites(TestNG.java:1112)
	at org.testng.TestNG.run(TestNG.java:1079)
	at org.testng.remote.AbstractRemoteTestNG.run(AbstractRemoteTestNG.java:115)
	at org.testng.remote.RemoteTestNG.initAndRun(RemoteTestNG.java:293)
	at org.testng.remote.RemoteTestNG.main(RemoteTestNG.java:91)
</pre></div></td>
<td>1</td>
<td>bmi_tests.BMI_test@44d52de2</td></tr>
<tr>
<td title='bmi_tests.BMI_test.testBmiCalculationValidInputs()'><b>testBmiCalculationValidInputs</b><br>Test class: bmi_tests.BMI_test<br>Test method: Test BMI calculation with valid inputs across different units<br>Parameters: 180, 0, cm, kg, Please enter valid numbers for height and weight</td>
<td><div><pre>java.lang.AssertionError: BMI result mismatch. expected [Please enter valid numbers for height and weight] but found [Your BMI is: 0.0
Underweight]
	at bmi_tests.BMI_test.testBmiCalculationValidInputs(BMI_test.java:140)
	at java.base/java.util.ArrayList.forEach(ArrayList.java:1596)
... Removed 30 stack frames</pre></div><a href='#' onClick='toggleBox("stack-trace270956301", this, "Click to show all stack frames", "Click to hide stack frames")'>Click to show all stack frames</a>
<div class='stack-trace' id='stack-trace270956301'><pre>java.lang.AssertionError: BMI result mismatch. expected [Please enter valid numbers for height and weight] but found [Your BMI is: 0.0
Underweight]
	at org.testng.Assert.fail(Assert.java:111)
	at org.testng.Assert.failNotEquals(Assert.java:1590)
	at org.testng.Assert.assertEqualsImpl(Assert.java:150)
	at org.testng.Assert.assertEquals(Assert.java:132)
	at org.testng.Assert.assertEquals(Assert.java:656)
	at bmi_tests.BMI_test.testBmiCalculationValidInputs(BMI_test.java:140)
	at java.base/jdk.internal.reflect.DirectMethodHandleAccessor.invoke(DirectMethodHandleAccessor.java:103)
	at java.base/java.lang.reflect.Method.invoke(Method.java:580)
	at org.testng.internal.invokers.MethodInvocationHelper.invokeMethod(MethodInvocationHelper.java:141)
	at org.testng.internal.invokers.TestInvoker.invokeMethod(TestInvoker.java:687)
	at org.testng.internal.invokers.TestInvoker.invokeTestMethod(TestInvoker.java:230)
	at org.testng.internal.invokers.MethodRunner.runInSequence(MethodRunner.java:63)
	at org.testng.internal.invokers.TestInvoker$MethodInvocationAgent.invoke(TestInvoker.java:995)
	at org.testng.internal.invokers.TestInvoker.invokeTestMethods(TestInvoker.java:203)
	at org.testng.internal.invokers.TestMethodWorker.invokeTestMethods(TestMethodWorker.java:154)
	at org.testng.internal.invokers.TestMethodWorker.run(TestMethodWorker.java:134)
	at java.base/java.util.ArrayList.forEach(ArrayList.java:1596)
	at org.testng.TestRunner.privateRun(TestRunner.java:741)
	at org.testng.TestRunner.run(TestRunner.java:616)
	at org.testng.SuiteRunner.runTest(SuiteRunner.java:421)
	at org.testng.SuiteRunner.runSequentially(SuiteRunner.java:413)
	at org.testng.SuiteRunner.privateRun(SuiteRunner.java:373)
	at org.testng.SuiteRunner.run(SuiteRunner.java:312)
	at org.testng.SuiteRunnerWorker.runSuite(SuiteRunnerWorker.java:52)
	at org.testng.SuiteRunnerWorker.run(SuiteRunnerWorker.java:95)
	at org.testng.TestNG.runSuitesSequentially(TestNG.java:1274)
	at org.testng.TestNG.runSuitesLocally(TestNG.java:1208)
	at org.testng.TestNG.runSuites(TestNG.java:1112)
	at org.testng.TestNG.run(TestNG.java:1079)
	at org.testng.remote.AbstractRemoteTestNG.run(AbstractRemoteTestNG.java:115)
	at org.testng.remote.RemoteTestNG.initAndRun(RemoteTestNG.java:293)
	at org.testng.remote.RemoteTestNG.main(RemoteTestNG.java:91)
</pre></div></td>
<td>1</td>
<td>bmi_tests.BMI_test@44d52de2</td></tr>
</table><p>
<table width='100%' border='1' class='invocation-passed'>
<tr><td colspan='4' align='center'><b>PASSED TESTS</b></td></tr>
<tr><td><b>Test method</b></td>
<td><b>Attribute(s)</b></td>
<td width="30%"><b>Exception</b></td>
<td width="10%"><b>Time (seconds)</b></td>
<td><b>Instance</b></td>
</tr>
<tr>
<td title='bmi_tests.BMI_test.clickFindDoctorLink()'><b>clickFindDoctorLink</b><br>Test class: bmi_tests.BMI_test</td>
<td></td>
<td>0</td>
<td>bmi_tests.BMI_test@44d52de2</td></tr>
<tr>
<td title='bmi_tests.BMI_test.testBmiCalculationValidInputs()'><b>testBmiCalculationValidInputs</b><br>Test class: bmi_tests.BMI_test<br>Test method: Test BMI calculation with valid inputs across different units<br>Parameters: 180, -20, cm, kg, Please enter valid numbers for height and weight</td>
<td></td>
<td>1</td>
<td>bmi_tests.BMI_test@44d52de2</td></tr>
<tr>
<td title='bmi_tests.BMI_test.testHomeLink()'><b>testHomeLink</b><br>Test class: bmi_tests.BMI_test</td>
<td></td>
<td>0</td>
<td>bmi_tests.BMI_test@44d52de2</td></tr>
<tr>
<td title='bmi_tests.BMI_test.testQueriesForm()'><b>testQueriesForm</b><br>Test class: bmi_tests.BMI_test<br>Test method: Test the Queries form with different inputs<br>Parameters: test1@example.com, Hello, true</td>
<td></td>
<td>1</td>
<td>bmi_tests.BMI_test@44d52de2</td></tr>
<tr>
<td title='bmi_tests.BMI_test.testBmiCalculationValidInputs()'><b>testBmiCalculationValidInputs</b><br>Test class: bmi_tests.BMI_test<br>Test method: Test BMI calculation with valid inputs across different units<br>Parameters: 70.87, 65, inches, kg, Your BMI is: 20.1
Normal weight</td>
<td></td>
<td>1</td>
<td>bmi_tests.BMI_test@44d52de2</td></tr>
<tr>
<td title='bmi_tests.BMI_test.testDoctorLinks()'><b>testDoctorLinks</b><br>Test class: bmi_tests.BMI_test</td>
<td></td>
<td>16</td>
<td>bmi_tests.BMI_test@44d52de2</td></tr>
<tr>
<td title='bmi_tests.BMI_test.testBmiCalculationValidInputs()'><b>testBmiCalculationValidInputs</b><br>Test class: bmi_tests.BMI_test<br>Test method: Test BMI calculation with valid inputs across different units<br>Parameters: 170, 70, cm, kg, Your BMI is: 24.2
Normal weight</td>
<td></td>
<td>1</td>
<td>bmi_tests.BMI_test@44d52de2</td></tr>
<tr>
<td title='bmi_tests.BMI_test.testBmiCalculationValidInputs()'><b>testBmiCalculationValidInputs</b><br>Test class: bmi_tests.BMI_test<br>Test method: Test BMI calculation with valid inputs across different units<br>Parameters: 170, 50, cm, kg, Your BMI is: 17.3
Underweight</td>
<td></td>
<td>1</td>
<td>bmi_tests.BMI_test@44d52de2</td></tr>
<tr>
<td title='bmi_tests.BMI_test.testKnowYourResultsLink()'><b>testKnowYourResultsLink</b><br>Test class: bmi_tests.BMI_test</td>
<td></td>
<td>0</td>
<td>bmi_tests.BMI_test@44d52de2</td></tr>
<tr>
<td title='bmi_tests.BMI_test.testHealthTipsLink()'><b>testHealthTipsLink</b><br>Test class: bmi_tests.BMI_test</td>
<td></td>
<td>0</td>
<td>bmi_tests.BMI_test@44d52de2</td></tr>
<tr>
<td title='bmi_tests.BMI_test.testBmiCalculationValidInputs()'><b>testBmiCalculationValidInputs</b><br>Test class: bmi_tests.BMI_test<br>Test method: Test BMI calculation with valid inputs across different units<br>Parameters: 180, 65, cm, kg, Your BMI is: 20.1
Normal weight</td>
<td></td>
<td>1</td>
<td>bmi_tests.BMI_test@44d52de2</td></tr>
<tr>
<td title='bmi_tests.BMI_test.testQueriesForm()'><b>testQueriesForm</b><br>Test class: bmi_tests.BMI_test<br>Test method: Test the Queries form with different inputs<br>Parameters: test2@example.com, Hi, true</td>
<td></td>
<td>1</td>
<td>bmi_tests.BMI_test@44d52de2</td></tr>
<tr>
<td title='bmi_tests.BMI_test.testBmiCalculationValidInputs()'><b>testBmiCalculationValidInputs</b><br>Test class: bmi_tests.BMI_test<br>Test method: Test BMI calculation with valid inputs across different units<br>Parameters: 180, xyz, cm, kg, Please enter valid numbers for height and weight</td>
<td></td>
<td>1</td>
<td>bmi_tests.BMI_test@44d52de2</td></tr>
<tr>
<td title='bmi_tests.BMI_test.testBmiCalculationValidInputs()'><b>testBmiCalculationValidInputs</b><br>Test class: bmi_tests.BMI_test<br>Test method: Test BMI calculation with valid inputs across different units<br>Parameters: -21, -21, cm, kg, Please enter valid numbers for height and weight</td>
<td></td>
<td>1</td>
<td>bmi_tests.BMI_test@44d52de2</td></tr>
<tr>
<td title='bmi_tests.BMI_test.testHealthTipsLinks()'><b>testHealthTipsLinks</b><br>Test class: bmi_tests.BMI_test<br>Test method: Test health tips external links</td>
<td></td>
<td>7</td>
<td>bmi_tests.BMI_test@44d52de2</td></tr>
<tr>
<td title='bmi_tests.BMI_test.testBmiCalculationValidInputs()'><b>testBmiCalculationValidInputs</b><br>Test class: bmi_tests.BMI_test<br>Test method: Test BMI calculation with valid inputs across different units<br>Parameters: 180, , cm, kg, Please enter valid numbers for height and weight</td>
<td></td>
<td>1</td>
<td>bmi_tests.BMI_test@44d52de2</td></tr>
<tr>
<td title='bmi_tests.BMI_test.testBmiCalculationValidInputs()'><b>testBmiCalculationValidInputs</b><br>Test class: bmi_tests.BMI_test<br>Test method: Test BMI calculation with valid inputs across different units<br>Parameters: 170, 85, cm, kg, Your BMI is: 29.4
Overweight</td>
<td></td>
<td>1</td>
<td>bmi_tests.BMI_test@44d52de2</td></tr>
<tr>
<td title='bmi_tests.BMI_test.testBmiCalculationValidInputs()'><b>testBmiCalculationValidInputs</b><br>Test class: bmi_tests.BMI_test<br>Test method: Test BMI calculation with valid inputs across different units<br>Parameters: 180, 143.3, cm, pounds, Your BMI is: 20.1
Normal weight</td>
<td></td>
<td>1</td>
<td>bmi_tests.BMI_test@44d52de2</td></tr>
<tr>
<td title='bmi_tests.BMI_test.testQueriesLink()'><b>testQueriesLink</b><br>Test class: bmi_tests.BMI_test</td>
<td></td>
<td>0</td>
<td>bmi_tests.BMI_test@44d52de2</td></tr>
<tr>
<td title='bmi_tests.BMI_test.testFindDoctorLink()'><b>testFindDoctorLink</b><br>Test class: bmi_tests.BMI_test</td>
<td></td>
<td>0</td>
<td>bmi_tests.BMI_test@44d52de2</td></tr>
<tr>
<td title='bmi_tests.BMI_test.testBmiCalculationValidInputs()'><b>testBmiCalculationValidInputs</b><br>Test class: bmi_tests.BMI_test<br>Test method: Test BMI calculation with valid inputs across different units<br>Parameters: , 65, cm, kg, Please enter valid numbers for height and weight</td>
<td></td>
<td>1</td>
<td>bmi_tests.BMI_test@44d52de2</td></tr>
<tr>
<td title='bmi_tests.BMI_test.testBmiCalculationValidInputs()'><b>testBmiCalculationValidInputs</b><br>Test class: bmi_tests.BMI_test<br>Test method: Test BMI calculation with valid inputs across different units<br>Parameters: abc, 65, cm, kg, Please enter valid numbers for height and weight</td>
<td></td>
<td>1</td>
<td>bmi_tests.BMI_test@44d52de2</td></tr>
<tr>
<td title='bmi_tests.BMI_test.testBmiCalculationValidInputs()'><b>testBmiCalculationValidInputs</b><br>Test class: bmi_tests.BMI_test<br>Test method: Test BMI calculation with valid inputs across different units<br>Parameters: 170, 100, cm, kg, Your BMI is: 34.6
Obese</td>
<td></td>
<td>1</td>
<td>bmi_tests.BMI_test@44d52de2</td></tr>
<tr>
<td title='bmi_tests.BMI_test.testQueriesForm()'><b>testQueriesForm</b><br>Test class: bmi_tests.BMI_test<br>Test method: Test the Queries form with different inputs<br>Parameters: invalid-email, Bye, false</td>
<td></td>
<td>1</td>
<td>bmi_tests.BMI_test@44d52de2</td></tr>
<tr>
<td title='bmi_tests.BMI_test.testKidsAndAdultsButtons()'><b>testKidsAndAdultsButtons</b><br>Test class: bmi_tests.BMI_test<br>Test method: Verify Kids and Adults button functionality</td>
<td></td>
<td>0</td>
<td>bmi_tests.BMI_test@44d52de2</td></tr>
<tr>
<td title='bmi_tests.BMI_test.testBmiCalculationValidInputs()'><b>testBmiCalculationValidInputs</b><br>Test class: bmi_tests.BMI_test<br>Test method: Test BMI calculation with valid inputs across different units<br>Parameters: -10, 65, cm, kg, Please enter valid numbers for height and weight</td>
<td></td>
<td>1</td>
<td>bmi_tests.BMI_test@44d52de2</td></tr>
<tr>
<td title='bmi_tests.BMI_test.testBmiCalculationValidInputs()'><b>testBmiCalculationValidInputs</b><br>Test class: bmi_tests.BMI_test<br>Test method: Test BMI calculation with valid inputs across different units<br>Parameters: 70.87, 143.3, inches, pounds, Your BMI is: 20.1
Normal weight</td>
<td></td>
<td>1</td>
<td>bmi_tests.BMI_test@44d52de2</td></tr>
</table><p>
</body>
</html>