<?xml version="1.0" encoding="UTF-8"?>
<!-- Generated by org.testng.reporters.JUnitXMLReporter -->
<testsuite ignored="0" hostname="LTIN588531" failures="5" tests="28" name="bmi" time="176.926" errors="0" timestamp="2025-06-28T13:18:19 IST">
  <testcase classname="bmi_tests.BMI_test" name="testKnowYourResultsLink" time="1.243"/>
  <testcase classname="bmi_tests.BMI_test" name="testHealthTipsLink" time="1.485"/>
  <testcase classname="bmi_tests.BMI_test" name="testFindDoctorLink" time="1.202"/>
  <testcase classname="bmi_tests.BMI_test" name="testQueriesLink" time="1.188"/>
  <testcase classname="bmi_tests.BMI_test" name="testKidsAndAdultsButtons" time="6.317"/>
  <testcase classname="bmi_tests.BMI_test" name="testBmiCalculationValidInputs" time="9.728"/>
  <testcase classname="bmi_tests.BMI_test" name="testBmiCalculationValidInputs" time="9.516"/>
  <testcase classname="bmi_tests.BMI_test" name="testBmiCalculationValidInputs" time="9.52"/>
  <testcase classname="bmi_tests.BMI_test" name="testBmiCalculationValidInputs" time="9.546"/>
  <testcase classname="bmi_tests.BMI_test" name="testBmiCalculationValidInputs" time="9.487"/>
  <testcase classname="bmi_tests.BMI_test" name="testBmiCalculationValidInputs" time="9.518"/>
  <testcase classname="bmi_tests.BMI_test" name="testBmiCalculationValidInputs" time="9.55"/>
  <testcase classname="bmi_tests.BMI_test" name="testBmiCalculationValidInputs" time="9.508"/>
  <testcase classname="bmi_tests.BMI_test" name="testBmiCalculationValidInputs" time="9.555"/>
  <testcase classname="bmi_tests.BMI_test" name="testBmiCalculationValidInputs" time="9.494"/>
  <testcase classname="bmi_tests.BMI_test" name="testBmiCalculationValidInputs" time="9.474"/>
  <testcase classname="bmi_tests.BMI_test" name="testBmiCalculationValidInputs" time="9.463"/>
  <testcase classname="bmi_tests.BMI_test" name="testBmiCalculationValidInputs" time="8.446">
    <failure type="java.lang.AssertionError" message="BMI result mismatch. expected [Please enter valid numbers for height and weight] but found [Your BMI is: Infinity
Obese]">
      <![CDATA[java.lang.AssertionError: BMI result mismatch. expected [Please enter valid numbers for height and weight] but found [Your BMI is: Infinity
Obese]
at bmi_tests.BMI_test.testBmiCalculationValidInputs(BMI_test.java:131)
at java.base/java.util.ArrayList.forEach(ArrayList.java:1596)
... Removed 30 stack frames]]>
    </failure>
  </testcase> <!-- testBmiCalculationValidInputs -->
  <testcase classname="bmi_tests.BMI_test" name="testBmiCalculationValidInputs" time="8.382">
    <failure type="java.lang.AssertionError" message="BMI result mismatch. expected [Please enter valid numbers for height and weight] but found [Your BMI is: 0.0
Underweight]">
      <![CDATA[java.lang.AssertionError: BMI result mismatch. expected [Please enter valid numbers for height and weight] but found [Your BMI is: 0.0
Underweight]
at bmi_tests.BMI_test.testBmiCalculationValidInputs(BMI_test.java:131)
at java.base/java.util.ArrayList.forEach(ArrayList.java:1596)
... Removed 30 stack frames]]>
    </failure>
  </testcase> <!-- testBmiCalculationValidInputs -->
  <testcase classname="bmi_tests.BMI_test" name="testBmiCalculationValidInputs" time="9.561"/>
  <testcase classname="bmi_tests.BMI_test" name="testBmiCalculationValidInputs" time="9.509"/>
  <testcase classname="bmi_tests.BMI_test" name="testHealthTipsLinks" time="0.15">
    <failure type="org.openqa.selenium.NoSuchElementException" message="no such element: Unable to locate element: {&amp;quot;method&amp;quot;:&amp;quot;link text&amp;quot;,&amp;quot;selector&amp;quot;:&amp;quot;CDC Children&amp;apos;s Health Guidelines →&amp;quot;}
  (Session info: chrome=137.0.7151.69)
For documentation on this error, please visit: https://www.selenium.dev/documentation/webdriver/troubleshooting/errors#no-such-element-exception
Build info: version: &amp;apos;4.32.0&amp;apos;, revision: &amp;apos;d17c8aa950&amp;apos;
System info: os.name: &amp;apos;Windows 11&amp;apos;, os.arch: &amp;apos;amd64&amp;apos;, os.version: &amp;apos;10.0&amp;apos;, java.version: &amp;apos;21.0.7&amp;apos;
Driver info: org.openqa.selenium.chrome.ChromeDriver
Command: [e0d8bbce7beaa6a599eb66e273ddf856, findElement {value=CDC Children&amp;apos;s Health Guidelines →, using=link text}]
Capabilities {acceptInsecureCerts: false, browserName: chrome, browserVersion: 137.0.7151.69, chrome: {chromedriverVersion: 137.0.7151.119 (e0ac9d12dff..., userDataDir: C:\Users\2403837\AppData\Lo...}, fedcm:accounts: true, goog:chromeOptions: {debuggerAddress: localhost:53892}, networkConnectionEnabled: false, pageLoadStrategy: normal, platformName: windows, proxy: Proxy(), se:cdp: ws://localhost:53892/devtoo..., se:cdpVersion: 137.0.7151.69, setWindowRect: true, strictFileInteractability: false, timeouts: {implicit: 0, pageLoad: 300000, script: 30000}, unhandledPromptBehavior: dismiss and notify, webauthn:extension:credBlob: true, webauthn:extension:largeBlob: true, webauthn:extension:minPinLength: true, webauthn:extension:prf: true, webauthn:virtualAuthenticators: true}
Session ID: e0d8bbce7beaa6a599eb66e273ddf856">
      <![CDATA[org.openqa.selenium.NoSuchElementException: no such element: Unable to locate element: {"method":"link text","selector":"CDC Children's Health Guidelines →"}
  (Session info: chrome=137.0.7151.69)
For documentation on this error, please visit: https://www.selenium.dev/documentation/webdriver/troubleshooting/errors#no-such-element-exception
Build info: version: '4.32.0', revision: 'd17c8aa950'
System info: os.name: 'Windows 11', os.arch: 'amd64', os.version: '10.0', java.version: '21.0.7'
Driver info: org.openqa.selenium.chrome.ChromeDriver
Command: [e0d8bbce7beaa6a599eb66e273ddf856, findElement {value=CDC Children's Health Guidelines →, using=link text}]
Capabilities {acceptInsecureCerts: false, browserName: chrome, browserVersion: 137.0.7151.69, chrome: {chromedriverVersion: 137.0.7151.119 (e0ac9d12dff..., userDataDir: C:\Users\2403837\AppData\Lo...}, fedcm:accounts: true, goog:chromeOptions: {debuggerAddress: localhost:53892}, networkConnectionEnabled: false, pageLoadStrategy: normal, platformName: windows, proxy: Proxy(), se:cdp: ws://localhost:53892/devtoo..., se:cdpVersion: 137.0.7151.69, setWindowRect: true, strictFileInteractability: false, timeouts: {implicit: 0, pageLoad: 300000, script: 30000}, unhandledPromptBehavior: dismiss and notify, webauthn:extension:credBlob: true, webauthn:extension:largeBlob: true, webauthn:extension:minPinLength: true, webauthn:extension:prf: true, webauthn:virtualAuthenticators: true}
Session ID: e0d8bbce7beaa6a599eb66e273ddf856
at org.openqa.selenium.remote.ErrorCodec.decode(ErrorCodec.java:167)
at org.openqa.selenium.remote.codec.w3c.W3CHttpResponseCodec.decode(W3CHttpResponseCodec.java:138)
at org.openqa.selenium.remote.codec.w3c.W3CHttpResponseCodec.decode(W3CHttpResponseCodec.java:50)
at org.openqa.selenium.remote.HttpCommandExecutor.execute(HttpCommandExecutor.java:215)
at org.openqa.selenium.remote.service.DriverCommandExecutor.invokeExecute(DriverCommandExecutor.java:216)
at org.openqa.selenium.remote.service.DriverCommandExecutor.execute(DriverCommandExecutor.java:174)
at org.openqa.selenium.remote.RemoteWebDriver.execute(RemoteWebDriver.java:545)
at org.openqa.selenium.remote.ElementLocation$ElementFinder$2.findElement(ElementLocation.java:165)
at org.openqa.selenium.remote.ElementLocation.findElement(ElementLocation.java:59)
at org.openqa.selenium.remote.RemoteWebDriver.findElement(RemoteWebDriver.java:368)
at org.openqa.selenium.remote.RemoteWebDriver.findElement(RemoteWebDriver.java:362)
at org.openqa.selenium.support.pagefactory.DefaultElementLocator.findElement(DefaultElementLocator.java:68)
at org.openqa.selenium.support.pagefactory.internal.LocatingElementHandler.invoke(LocatingElementHandler.java:38)
at jdk.proxy2/jdk.proxy2.$Proxy16.click(Unknown Source)
at bmi_pages.HealthTipsPage.clickCdcLink(HealthTipsPage.java:26)
at bmi_tests.BMI_test.testHealthTipsLinks(BMI_test.java:143)
at java.base/java.util.ArrayList.forEach(ArrayList.java:1596)
... Removed 28 stack frames]]>
    </failure>
  </testcase> <!-- testHealthTipsLinks -->
  <testcase classname="bmi_tests.BMI_test" name="clickFindDoctorLink" time="0.167"/>
  <testcase classname="bmi_tests.BMI_test" name="testFindADoctorLinks" time="0.0">
    <failure type="java.lang.RuntimeException" message="java.lang.NullPointerException: Cannot invoke &amp;quot;org.apache.poi.ss.usermodel.Sheet.getPhysicalNumberOfRows()&amp;quot; because &amp;quot;sheet&amp;quot; is null">
      <![CDATA[java.lang.RuntimeException: java.lang.NullPointerException: Cannot invoke "org.apache.poi.ss.usermodel.Sheet.getPhysicalNumberOfRows()" because "sheet" is null
at java.base/java.util.ArrayList.forEach(ArrayList.java:1596)
Caused by: java.lang.NullPointerException: Cannot invoke "org.apache.poi.ss.usermodel.Sheet.getPhysicalNumberOfRows()" because "sheet" is null
at bmi_utilities.ExcelUtils.readExcelData(ExcelUtils.java:18)
at bmi_tests.BMI_test.getDoctorLink(BMI_test.java:199)
... 25 more
... Removed 30 stack frames]]>
    </failure>
  </testcase> <!-- testFindADoctorLinks -->
  <testcase classname="bmi_tests.BMI_test" name="testQueriesForm" time="1.533"/>
  <testcase classname="bmi_tests.BMI_test" name="testQueriesForm" time="1.391"/>
  <testcase classname="bmi_tests.BMI_test" name="testQueriesForm" time="1.378"/>
  <testcase classname="bmi_tests.BMI_test" name="testQueriesForm" time="0.443">
    <failure type="java.lang.AssertionError" message="expected [true] but found [false]">
      <![CDATA[java.lang.AssertionError: expected [true] but found [false]
at bmi_tests.BMI_test.testQueriesForm(BMI_test.java:267)
at java.base/java.util.ArrayList.forEach(ArrayList.java:1596)
... Removed 31 stack frames]]>
    </failure>
  </testcase> <!-- testQueriesForm -->
</testsuite> <!-- bmi -->
